<?xml version="1.0" encoding="UTF-8"?>
<!-- Generated by org.testng.reporters.JUnitReportReporter -->
<testsuite hostname="Andy" failures="0" tests="1" name="com.netbanking.testcases.LoginTest" time="6.272" errors="0" timestamp="2021-10-25T18:37:57 IST" skipped="0">
  <testcase classname="com.netbanking.testcases.LoginTest" name="logintest" time="6.272"/>
  <system-out>
    <![CDATA[test case passed]]>
  </system-out>
</testsuite> <!-- com.netbanking.testcases.LoginTest -->
