<?xml version="1.0" encoding="UTF-8"?>
<!-- Generated by org.testng.reporters.JUnitReportReporter -->
<testsuite hostname="Andy" failures="0" tests="3" name="com.netbanking.testcases.GoogleSearchTest" time="37.797" errors="0" timestamp="2021-10-25T18:37:57 IST" skipped="0">
  <testcase classname="com.netbanking.testcases.GoogleSearchTest" name="googleserach" time="27.085"/>
  <system-out/>
  <testcase classname="com.netbanking.testcases.GoogleSearchTest" name="gmailclick" time="8.346"/>
  <system-out/>
  <testcase classname="com.netbanking.testcases.GoogleSearchTest" name="clickmarathi" time="2.366"/>
  <system-out/>
</testsuite> <!-- com.netbanking.testcases.GoogleSearchTest -->
