<?xml version="1.0" encoding="UTF-8"?>
<!-- Generated by org.testng.reporters.JUnitReportReporter -->
<testsuite hostname="Andy" failures="0" tests="1" name="com.netbanking.testcases.LoginTest" time="5.759" errors="0" timestamp="2021-10-25T19:03:59 IST" skipped="0">
  <testcase classname="com.netbanking.testcases.LoginTest" name="logintest" time="5.759"/>
  <system-out>
    <![CDATA[test case passed]]>
  </system-out>
</testsuite> <!-- com.netbanking.testcases.LoginTest -->
