<?xml version="1.0" encoding="UTF-8"?>
<!-- Generated by org.testng.reporters.JUnitReportReporter -->
<testsuite hostname="Andy" failures="0" tests="3" name="com.netbanking.testcases.GoogleSearchTest" time="18.143" errors="0" timestamp="2021-10-25T19:03:59 IST" skipped="0">
  <testcase classname="com.netbanking.testcases.GoogleSearchTest" name="googleserach" time="9.416"/>
  <system-out/>
  <testcase classname="com.netbanking.testcases.GoogleSearchTest" name="gmailclick" time="6.373"/>
  <system-out/>
  <testcase classname="com.netbanking.testcases.GoogleSearchTest" name="clickmarathi" time="2.354"/>
  <system-out/>
</testsuite> <!-- com.netbanking.testcases.GoogleSearchTest -->
